### Assistant Log

**A0_Assistant - 2026-04-24 11:36:28**
- Initialized development environment for the SBS.030.010-1C_HC_Firmware project.
- Configured Windows ARM GCC toolchain and OpenOCD via Winget.
- Set up a reproducible Docker Dev Container with `usbipd-win` for ST-Link passthrough.
- Diagnosed instant Hard Faults on the board. Discovered silicon mismatch (STM32F401 installed instead of STM32F411) by reading `DBGMCU_IDCODE` over SWD.
- Regenerated STM32CubeMX files for STM32F401, recompiled, and successfully flashed bare-metal blink logic.
- Documented Standard Operating Procedures (SOP) and utility Python scripts in `AgentInstructions` folder.
- Pushed `.devcontainer`, `.vscode`, and `AgentInstructions` infrastructure to GitHub repository.

**DevAssist - 2026-04-24 11:49:27**
- Persona updated to DevAssist per user instruction.
- Ready to review the Product Requirements Document (PRD) and begin Test Host Controller feature implementation.

**DevAssist - 2026-04-24 11:54:45**
- Renamed 'AgentInstructions' folder to 'DevAssist'.
- Relocated Assistant.log into the DevAssist folder for consolidated reference and tracking within the GitHub repository.

**DevAssist - 2026-04-24 12:10:02**
- Executed automated startup environment checklist.
- Verified Host Workspace, Docker Dev Container, GCC Toolchain, and GNU Make.
- Detected ST-Link passthrough failure (usbipd attach required). Pending user action.

**DevAssist - 2026-04-24 12:13:40**
- Identified regex bug in setup_usbipd.ps1 (string mismatch on 'STLink').
- Patched script to match VID:PID and case-insensitive names, committed fix to GitHub.

**DevAssist - 2026-04-24 17:00:10**
- Successfully configured USART1 (115200 baud) on PA9/PA10.
- Retargeted printf to USART1 using __io_putchar.
- Transmitted 'BOOTING...' sequence over TCP Serial Bridge.
- Confirmed dual-monitoring works perfectly with the host user.

**DevAssist - 2026-04-24 17:33:20**
- Implemented DrMarty/STM32Utils UartIO circular buffer (256 bytes) via DMA and Interrupts.
- Tested burst echo via TCPSerialBridge successfully.
- Code committed: Makefile, main.c, UartIO.c, UartIO.h.
